{"name": "test_table_data", "status": "failed", "statusDetails": {"message": "AssertionError: assert ['Learn Java'...'Java', '500'] == ['Learn Selen...enium', '300']\n  \n  At index 0 diff: \u001b[0m\u001b[33m'\u001b[39;49;00m\u001b[33mLearn Java\u001b[39;49;00m\u001b[33m'\u001b[39;49;00m\u001b[90m\u001b[39;49;00m != \u001b[0m\u001b[33m'\u001b[39;49;00m\u001b[33mLearn Selenium\u001b[39;49;00m\u001b[33m'\u001b[39;49;00m\u001b[90m\u001b[39;49;00m\n  \n  Full diff:\n  \u001b[0m\u001b[90m \u001b[39;49;00m [\u001b[90m\u001b[39;49;00m\n  \u001b[91m-     'Learn Selenium',\u001b[39;49;00m\u001b[90m\u001b[39;49;00m\n  \u001b[91m-     'Amit',\u001b[39;49;00m\u001b[90m\u001b[39;49;00m...\n  \n  ...Full output truncated (9 lines hidden), use '-vv' to show", "trace": "table_pom = <pages.table_pom.TablePOM object at 0x000002E2F7710440>\n\n    def test_table_data(table_pom):\n        table_pom.open(\"https://testautomationpractice.blogspot.com/\")\n    \n        assert table_pom.get_row_count() > 1\n        assert table_pom.get_column_count() == 4\n    \n        second_row = table_pom.get_row_data(1)\n>       assert second_row == ['Learn Selenium', 'Amit', 'Selenium', '300']\nE       AssertionError: assert ['Learn Java'...'Java', '500'] == ['Learn Selen...enium', '300']\nE         \nE         At index 0 diff: \u001b[0m\u001b[33m'\u001b[39;49;00m\u001b[33mLearn Java\u001b[39;49;00m\u001b[33m'\u001b[39;49;00m\u001b[90m\u001b[39;49;00m != \u001b[0m\u001b[33m'\u001b[39;49;00m\u001b[33mLearn Selenium\u001b[39;49;00m\u001b[33m'\u001b[39;49;00m\u001b[90m\u001b[39;49;00m\nE         \nE         Full diff:\nE         \u001b[0m\u001b[90m \u001b[39;49;00m [\u001b[90m\u001b[39;49;00m\nE         \u001b[91m-     'Learn Selenium',\u001b[39;49;00m\u001b[90m\u001b[39;49;00m\nE         \u001b[91m-     'Amit',\u001b[39;49;00m\u001b[90m\u001b[39;49;00m...\nE         \nE         ...Full output truncated (9 lines hidden), use '-vv' to show\n\ntests\\regression\\test_table_pom.py:8: AssertionError"}, "attachments": [{"name": "Failure Screenshot", "source": "81b4e126-39f3-4ddf-bad5-ff391acd71b5-attachment.png", "type": "image/png"}, {"name": "log", "source": "6eb70b72-ef95-4947-8688-6c78b77dd047-attachment.txt", "type": "text/plain"}], "start": 1770447421100, "stop": 1770447426497, "uuid": "fd22c037-d499-4cc7-8a4e-10fe0ba5cf76", "historyId": "a090b857bc27978a1641ca8f997e398e", "testCaseId": "a090b857bc27978a1641ca8f997e398e", "fullName": "tests.regression.test_table_pom#test_table_data", "labels": [{"name": "parentSuite", "value": "tests.regression"}, {"name": "suite", "value": "test_table_pom"}, {"name": "host", "value": "Lenovo"}, {"name": "thread", "value": "1844-MainThread"}, {"name": "framework", "value": "pytest"}, {"name": "language", "value": "cpython3"}, {"name": "package", "value": "tests.regression.test_table_pom"}], "titlePath": ["tests", "regression", "test_table_pom.py"]}